2026-01-07 19:03:48,203 - Starting ARMAX / ARIMAX evaluation
2026-01-07 19:03:48,241 - ################################################################################
2026-01-07 19:03:48,241 - Interaction feature -> baseline
2026-01-07 19:03:48,241 - ********************************************************************************
2026-01-07 19:03:48,241 - Pollutant -> Ozone
2026-01-07 19:15:37,313 - [ARMAX] Ozone | baseline | order=(0,0,0) | CV_R2=0.5818 | TEST_R2=0.4673
2026-01-07 19:39:37,967 - [ARIMAX] Ozone | baseline | order=(0,0,0) | CV_R2=0.5818 | TEST_R2=0.4673
2026-01-07 19:39:37,967 - ********************************************************************************
2026-01-07 19:39:37,967 - Pollutant -> NO2
2026-01-07 19:51:14,014 - [ARMAX] NO2 | baseline | order=(0,0,0) | CV_R2=0.2397 | TEST_R2=0.2061
2026-01-07 20:13:32,662 - [ARIMAX] NO2 | baseline | order=(0,0,0) | CV_R2=0.2397 | TEST_R2=0.2061
2026-01-07 20:13:32,663 - ********************************************************************************
2026-01-07 20:13:32,663 - Pollutant -> PM2.5
2026-01-07 20:25:04,690 - [ARMAX] PM2.5 | baseline | order=(1,0,0) | CV_R2=0.1822 | TEST_R2=-0.0089
2026-01-07 20:48:40,598 - [ARIMAX] PM2.5 | baseline | order=(1,0,0) | CV_R2=0.1822 | TEST_R2=-0.0089
2026-01-07 20:48:40,599 - ********************************************************************************
2026-01-07 20:48:40,599 - Pollutant -> CO
2026-01-07 21:00:56,523 - [ARMAX] CO | baseline | order=(2,0,3) | CV_R2=0.0218 | TEST_R2=0.1065
2026-01-07 21:24:17,765 - [ARIMAX] CO | baseline | order=(1,1,1) | CV_R2=0.0521 | TEST_R2=-0.9872
2026-01-07 21:24:17,766 - ################################################################################
2026-01-07 21:24:17,766 - Interaction feature -> int_traffic_humidity
2026-01-07 21:24:17,766 - ********************************************************************************
2026-01-07 21:24:17,767 - Pollutant -> Ozone
2026-01-07 21:36:27,902 - [ARMAX] Ozone | int_traffic_humidity | order=(0,0,2) | CV_R2=0.5806 | TEST_R2=0.4819
2026-01-07 22:00:51,569 - [ARIMAX] Ozone | int_traffic_humidity | order=(0,0,2) | CV_R2=0.5806 | TEST_R2=0.4819
2026-01-07 22:00:51,570 - ********************************************************************************
2026-01-07 22:00:51,570 - Pollutant -> NO2
2026-01-07 22:12:57,156 - [ARMAX] NO2 | int_traffic_humidity | order=(0,0,0) | CV_R2=0.2362 | TEST_R2=0.2077
2026-01-07 22:36:25,322 - [ARIMAX] NO2 | int_traffic_humidity | order=(0,0,0) | CV_R2=0.2362 | TEST_R2=0.2077
2026-01-07 22:36:25,324 - ********************************************************************************
2026-01-07 22:36:25,324 - Pollutant -> PM2.5
2026-01-07 22:48:15,279 - [ARMAX] PM2.5 | int_traffic_humidity | order=(0,0,1) | CV_R2=0.1775 | TEST_R2=-0.0311
2026-01-07 23:11:54,895 - [ARIMAX] PM2.5 | int_traffic_humidity | order=(0,0,1) | CV_R2=0.1775 | TEST_R2=-0.0311
2026-01-07 23:11:54,895 - ********************************************************************************
2026-01-07 23:11:54,895 - Pollutant -> CO
2026-01-07 23:24:10,732 - [ARMAX] CO | int_traffic_humidity | order=(1,0,0) | CV_R2=0.0139 | TEST_R2=0.0566
2026-01-07 23:48:47,085 - [ARIMAX] CO | int_traffic_humidity | order=(0,1,3) | CV_R2=0.0242 | TEST_R2=-1.4656
2026-01-07 23:48:47,086 - ################################################################################
2026-01-07 23:48:47,086 - Interaction feature -> int_traffic_precip
2026-01-07 23:48:47,086 - ********************************************************************************
2026-01-07 23:48:47,086 - Pollutant -> Ozone
2026-01-08 00:00:57,885 - [ARMAX] Ozone | int_traffic_precip | order=(0,0,0) | CV_R2=0.5784 | TEST_R2=0.4629
2026-01-08 00:24:20,642 - [ARIMAX] Ozone | int_traffic_precip | order=(0,0,0) | CV_R2=0.5784 | TEST_R2=0.4629
2026-01-08 00:24:20,642 - ********************************************************************************
2026-01-08 00:24:20,643 - Pollutant -> NO2
2026-01-08 00:36:12,501 - [ARMAX] NO2 | int_traffic_precip | order=(0,0,0) | CV_R2=0.2307 | TEST_R2=0.2019
2026-01-08 00:59:20,740 - [ARIMAX] NO2 | int_traffic_precip | order=(0,0,0) | CV_R2=0.2307 | TEST_R2=0.2019
2026-01-08 00:59:20,741 - ********************************************************************************
2026-01-08 00:59:20,741 - Pollutant -> PM2.5
2026-01-08 01:11:08,758 - [ARMAX] PM2.5 | int_traffic_precip | order=(0,0,1) | CV_R2=0.1754 | TEST_R2=-0.0285
2026-01-08 01:34:49,336 - [ARIMAX] PM2.5 | int_traffic_precip | order=(0,0,1) | CV_R2=0.1754 | TEST_R2=-0.0285
2026-01-08 01:34:49,337 - ********************************************************************************
2026-01-08 01:34:49,337 - Pollutant -> CO
2026-01-08 01:46:50,631 - [ARMAX] CO | int_traffic_precip | order=(1,0,0) | CV_R2=0.0247 | TEST_R2=0.0512
2026-01-08 02:10:30,288 - [ARIMAX] CO | int_traffic_precip | order=(1,1,1) | CV_R2=0.0436 | TEST_R2=-0.9488
2026-01-08 02:10:30,289 - ################################################################################
2026-01-08 02:10:30,289 - Interaction feature -> int_traffic_wind
2026-01-08 02:10:30,289 - ********************************************************************************
2026-01-08 02:10:30,289 - Pollutant -> Ozone
2026-01-08 02:22:41,010 - [ARMAX] Ozone | int_traffic_wind | order=(0,0,2) | CV_R2=0.5877 | TEST_R2=0.4822
2026-01-08 02:46:54,892 - [ARIMAX] Ozone | int_traffic_wind | order=(0,0,2) | CV_R2=0.5877 | TEST_R2=0.4822
2026-01-08 02:46:54,893 - ********************************************************************************
2026-01-08 02:46:54,893 - Pollutant -> NO2
2026-01-08 02:58:48,960 - [ARMAX] NO2 | int_traffic_wind | order=(0,0,0) | CV_R2=0.2309 | TEST_R2=0.2096
2026-01-08 03:22:01,419 - [ARIMAX] NO2 | int_traffic_wind | order=(0,0,0) | CV_R2=0.2309 | TEST_R2=0.2096
2026-01-08 03:22:01,420 - ********************************************************************************
2026-01-08 03:22:01,420 - Pollutant -> PM2.5
2026-01-08 03:33:53,568 - [ARMAX] PM2.5 | int_traffic_wind | order=(0,0,1) | CV_R2=0.1830 | TEST_R2=-0.0290
2026-01-08 03:57:41,022 - [ARIMAX] PM2.5 | int_traffic_wind | order=(0,0,1) | CV_R2=0.1830 | TEST_R2=-0.0290
2026-01-08 03:57:41,022 - ********************************************************************************
2026-01-08 03:57:41,022 - Pollutant -> CO
2026-01-08 04:09:45,089 - [ARMAX] CO | int_traffic_wind | order=(0,0,1) | CV_R2=0.0140 | TEST_R2=0.0957
2026-01-08 04:33:30,323 - [ARIMAX] CO | int_traffic_wind | order=(1,1,1) | CV_R2=0.0266 | TEST_R2=-1.2280
2026-01-08 04:33:30,324 - ################################################################################
2026-01-08 04:33:30,324 - Interaction feature -> int_traffic_temp
2026-01-08 04:33:30,324 - ********************************************************************************
2026-01-08 04:33:30,324 - Pollutant -> Ozone
2026-01-08 04:45:25,013 - [ARMAX] Ozone | int_traffic_temp | order=(0,0,0) | CV_R2=0.5757 | TEST_R2=0.4730
2026-01-08 05:09:03,793 - [ARIMAX] Ozone | int_traffic_temp | order=(0,0,0) | CV_R2=0.5757 | TEST_R2=0.4730
2026-01-08 05:09:03,794 - ********************************************************************************
2026-01-08 05:09:03,794 - Pollutant -> NO2
2026-01-08 05:20:51,545 - [ARMAX] NO2 | int_traffic_temp | order=(0,0,0) | CV_R2=0.2474 | TEST_R2=0.2169
2026-01-08 05:43:53,724 - [ARIMAX] NO2 | int_traffic_temp | order=(0,0,0) | CV_R2=0.2474 | TEST_R2=0.2169
2026-01-08 05:43:53,725 - ********************************************************************************
2026-01-08 05:43:53,725 - Pollutant -> PM2.5
2026-01-08 05:55:40,659 - [ARMAX] PM2.5 | int_traffic_temp | order=(0,0,1) | CV_R2=0.1843 | TEST_R2=-0.0144
2026-01-08 06:19:14,855 - [ARIMAX] PM2.5 | int_traffic_temp | order=(0,0,1) | CV_R2=0.1843 | TEST_R2=-0.0144
2026-01-08 06:19:14,856 - ********************************************************************************
2026-01-08 06:19:14,856 - Pollutant -> CO
2026-01-08 06:31:24,762 - [ARMAX] CO | int_traffic_temp | order=(1,0,1) | CV_R2=0.0361 | TEST_R2=0.0450
2026-01-08 06:55:09,399 - [ARIMAX] CO | int_traffic_temp | order=(1,0,1) | CV_R2=0.0361 | TEST_R2=0.0450
2026-01-08 06:55:09,420 - Finished all experiments
2026-01-08 06:55:09,421 - Saved results to armax_arimax_all_results.csv
